app/build/intermediates/manifest_merge_blame_file/debug/manifest-merger-blame-debug-report.txt
1<?xml version="1.0" encoding="utf-8"?>
2<manifest xmlns:android="http://schemas.android.com/apk/res/android"
3    package="com.example.news"
4    android:versionCode="1"
5    android:versionName="1.0" >
6
7    <uses-sdk
8        android:minSdkVersion="21"
8-->src\main\AndroidManifest.xml
9        android:targetSdkVersion="31" />
9-->src\main\AndroidManifest.xml
10
11    <uses-permission android:name="android.permission.ACCESS_NETWORK_STATE" />
11-->src\main\AndroidManifest.xml:6:5-8:45
11-->src\main\AndroidManifest.xml:7:9-63
12    <uses-permission android:name="android.permission.INTERNET" />
12-->src\main\AndroidManifest.xml:9:5-11:45
12-->src\main\AndroidManifest.xml:10:9-51
13    <uses-permission android:name="android.permission.ACCESS_FINE_LOCATION" />
13-->src\main\AndroidManifest.xml:12:5-14:45
13-->src\main\AndroidManifest.xml:13:9-63
14    <uses-permission android:name="android.permission.WRITE_EXTERNAL_STORAGE" />
14-->src\main\AndroidManifest.xml:15:5-81
14-->src\main\AndroidManifest.xml:15:22-78
15    <uses-permission android:name="android.permission.READ_EXTERNAL_STORAGE" />
15-->src\main\AndroidManifest.xml:16:5-80
15-->src\main\AndroidManifest.xml:16:22-77
16
17    <uses-feature
17-->[com.google.android.gms:play-services-maps:17.0.0] AndroidManifest.xml:26:5-28:35
18        android:glEsVersion="0x00020000"
18-->[com.google.android.gms:play-services-maps:17.0.0] AndroidManifest.xml:27:9-41
19        android:required="true" />
19-->[com.google.android.gms:play-services-maps:17.0.0] AndroidManifest.xml:28:9-32
20
21    <application
21-->src\main\AndroidManifest.xml:18:5-41:19
22        android:allowBackup="true"
22-->src\main\AndroidManifest.xml:19:9-35
23        android:appComponentFactory="androidx.core.app.CoreComponentFactory"
23-->[androidx.core:core:1.5.0] AndroidManifest.xml:24:18-86
24        android:debuggable="true"
25        android:icon="@mipmap/news2"
25-->src\main\AndroidManifest.xml:20:9-37
26        android:label="@string/app_name"
26-->src\main\AndroidManifest.xml:21:9-41
27        android:roundIcon="@mipmap/news2"
27-->src\main\AndroidManifest.xml:22:9-42
28        android:supportsRtl="true"
28-->src\main\AndroidManifest.xml:23:9-35
29        android:theme="@style/Theme.Design.Light.NoActionBar" >
29-->src\main\AndroidManifest.xml:24:9-62
30        <activity
30-->src\main\AndroidManifest.xml:25:9-27:39
31            android:name="com.example.news.WebViewActivity"
31-->src\main\AndroidManifest.xml:26:13-44
32            android:exported="true" />
32-->src\main\AndroidManifest.xml:27:13-36
33        <activity
33-->src\main\AndroidManifest.xml:28:9-30:39
34            android:name="com.example.news.NewsActivity"
34-->src\main\AndroidManifest.xml:29:13-41
35            android:exported="true" />
35-->src\main\AndroidManifest.xml:30:13-36
36        <activity
36-->src\main\AndroidManifest.xml:31:9-40:20
37            android:name="com.example.news.MainActivity"
37-->src\main\AndroidManifest.xml:32:13-41
38            android:exported="true"
38-->src\main\AndroidManifest.xml:33:13-36
39            android:theme="@style/Theme.MaterialComponents.Light.NoActionBar.Bridge" >
39-->src\main\AndroidManifest.xml:34:13-85
40            <intent-filter>
40-->src\main\AndroidManifest.xml:35:13-39:29
41                <action android:name="android.intent.action.MAIN" />
41-->src\main\AndroidManifest.xml:36:17-69
41-->src\main\AndroidManifest.xml:36:25-66
42
43                <category android:name="android.intent.category.LAUNCHER" />
43-->src\main\AndroidManifest.xml:38:17-77
43-->src\main\AndroidManifest.xml:38:27-74
44            </intent-filter>
45        </activity>
46        <!-- Needs to be explicitly declared on P+ -->
47        <uses-library
47-->[com.google.android.gms:play-services-maps:17.0.0] AndroidManifest.xml:33:9-35:40
48            android:name="org.apache.http.legacy"
48-->[com.google.android.gms:play-services-maps:17.0.0] AndroidManifest.xml:34:13-50
49            android:required="false" />
49-->[com.google.android.gms:play-services-maps:17.0.0] AndroidManifest.xml:35:13-37
50
51        <activity
51-->[com.google.android.gms:play-services-base:17.0.0] AndroidManifest.xml:23:9-26:75
52            android:name="com.google.android.gms.common.api.GoogleApiActivity"
52-->[com.google.android.gms:play-services-base:17.0.0] AndroidManifest.xml:24:13-79
53            android:exported="false"
53-->[com.google.android.gms:play-services-base:17.0.0] AndroidManifest.xml:25:13-37
54            android:theme="@android:style/Theme.Translucent.NoTitleBar" />
54-->[com.google.android.gms:play-services-base:17.0.0] AndroidManifest.xml:26:13-72
55
56        <meta-data
56-->[com.google.android.gms:play-services-basement:17.0.0] AndroidManifest.xml:23:9-25:69
57            android:name="com.google.android.gms.version"
57-->[com.google.android.gms:play-services-basement:17.0.0] AndroidManifest.xml:24:13-58
58            android:value="@integer/google_play_services_version" />
58-->[com.google.android.gms:play-services-basement:17.0.0] AndroidManifest.xml:25:13-66
59    </application>
60
61</manifest>